Determining if the pthread_create exist failed with the following output:
Change Dir: /home/mark/caffe/build/CMakeFiles/CMakeTmp

Run Build Command:/usr/bin/make "cmTryCompileExec2612653489/fast"
/usr/bin/make -f CMakeFiles/cmTryCompileExec2612653489.dir/build.make CMakeFiles/cmTryCompileExec2612653489.dir/build
make[1]: Entering directory `/home/mark/caffe/build/CMakeFiles/CMakeTmp'
/usr/bin/cmake -E cmake_progress_report /home/mark/caffe/build/CMakeFiles/CMakeTmp/CMakeFiles 1
Building C object CMakeFiles/cmTryCompileExec2612653489.dir/CheckSymbolExists.c.o
/usr/bin/cc    -o CMakeFiles/cmTryCompileExec2612653489.dir/CheckSymbolExists.c.o   -c /home/mark/caffe/build/CMakeFiles/CMakeTmp/CheckSymbolExists.c
Linking C executable cmTryCompileExec2612653489
/usr/bin/cmake -E cmake_link_script CMakeFiles/cmTryCompileExec2612653489.dir/link.txt --verbose=1
/usr/bin/cc       CMakeFiles/cmTryCompileExec2612653489.dir/CheckSymbolExists.c.o  -o cmTryCompileExec2612653489 -rdynamic 
CMakeFiles/cmTryCompileExec2612653489.dir/CheckSymbolExists.c.o: In function `main':
CheckSymbolExists.c:(.text+0x16): undefined reference to `pthread_create'
collect2: error: ld returned 1 exit status
make[1]: *** [cmTryCompileExec2612653489] Error 1
make[1]: Leaving directory `/home/mark/caffe/build/CMakeFiles/CMakeTmp'
make: *** [cmTryCompileExec2612653489/fast] Error 2

File /home/mark/caffe/build/CMakeFiles/CMakeTmp/CheckSymbolExists.c:
/* */
#include <pthread.h>

int main(int argc, char** argv)
{
  (void)argv;
#ifndef pthread_create
  return ((int*)(&pthread_create))[argc];
#else
  (void)argc;
  return 0;
#endif
}

Determining if the function pthread_create exists in the pthreads failed with the following output:
Change Dir: /home/mark/caffe/build/CMakeFiles/CMakeTmp

Run Build Command:/usr/bin/make "cmTryCompileExec1733741042/fast"
/usr/bin/make -f CMakeFiles/cmTryCompileExec1733741042.dir/build.make CMakeFiles/cmTryCompileExec1733741042.dir/build
make[1]: Entering directory `/home/mark/caffe/build/CMakeFiles/CMakeTmp'
/usr/bin/cmake -E cmake_progress_report /home/mark/caffe/build/CMakeFiles/CMakeTmp/CMakeFiles 1
Building C object CMakeFiles/cmTryCompileExec1733741042.dir/CheckFunctionExists.c.o
/usr/bin/cc   -DCHECK_FUNCTION_EXISTS=pthread_create   -o CMakeFiles/cmTryCompileExec1733741042.dir/CheckFunctionExists.c.o   -c /usr/share/cmake-2.8/Modules/CheckFunctionExists.c
Linking C executable cmTryCompileExec1733741042
/usr/bin/cmake -E cmake_link_script CMakeFiles/cmTryCompileExec1733741042.dir/link.txt --verbose=1
/usr/bin/cc   -DCHECK_FUNCTION_EXISTS=pthread_create    CMakeFiles/cmTryCompileExec1733741042.dir/CheckFunctionExists.c.o  -o cmTryCompileExec1733741042 -rdynamic -lpthreads 
/usr/bin/ld: cannot find -lpthreads
collect2: error: ld returned 1 exit status
make[1]: *** [cmTryCompileExec1733741042] Error 1
make[1]: Leaving directory `/home/mark/caffe/build/CMakeFiles/CMakeTmp'
make: *** [cmTryCompileExec1733741042/fast] Error 2


